2025-11-07 15:38:30,503 [INFO] Starting concurrent scraping for interest rates...
2025-11-07 15:38:30,504 [INFO] Fetching rates for SBI...
2025-11-07 15:38:30,507 [INFO] Fetching rates for HDFC...
2025-11-07 15:38:30,509 [INFO] Fetching rates for ICICI...
2025-11-07 15:38:31,379 [WARNING] Failed to fetch ICICI: 403 Client Error: Forbidden for url: https://www.icicibank.com/Personal-Banking/deposits/fixed-deposit-interest-rates.page
2025-11-07 15:38:31,462 [INFO] Successfully scraped data for HDFC
2025-11-07 15:38:44,163 [WARNING] Failed to fetch SBI: HTTPSConnectionPool(host='www.sbi.co.in', port=443): Max retries exceeded with url: /web/interest-rates/deposit-rates (Caused by SSLError(SSLCertVerificationError(1, "[SSL: CERTIFICATE_VERIFY_FAILED] certificate verify failed: Hostname mismatch, certificate is not valid for 'www.sbi.co.in'. (_ssl.c:1077)")))
2025-11-07 15:38:44,165 [INFO] Scraping completed for all banks.
2025-11-07 15:38:44,166 [INFO] 127.0.0.1 - - [07/Nov/2025 15:38:44] "GET /scrape/interest-rates HTTP/1.1" 200 -
2025-11-07 15:38:45,110 [INFO] \u2705 Scraped 14 bank names from RBI site.
2025-11-07 15:38:45,111 [INFO] 127.0.0.1 - - [07/Nov/2025 15:38:45] "GET /scrape/bank-names HTTP/1.1" 200 -
2025-11-07 15:38:48,127 [INFO] \u2705 New Account Created
-------------------------
Name: Nihar
Account Number: 1111
Opening Balance: 1000
2025-11-07 15:38:48,135 [INFO] 127.0.0.1 - - [07/Nov/2025 15:38:48] "[35m[1mPOST /accounts HTTP/1.1[0m" 201 -
2025-11-07 15:38:51,122 [INFO] \u2705 New Account Created
-------------------------
Name: Rishabh
Account Number: 2222
Opening Balance: 2000
2025-11-07 15:38:51,123 [INFO] 127.0.0.1 - - [07/Nov/2025 15:38:51] "[35m[1mPOST /accounts HTTP/1.1[0m" 201 -
2025-11-07 15:38:53,976 [INFO] \u2705 New Account Created
-------------------------
Name: Sahu
Account Number: 3333
Opening Balance: 3000
2025-11-07 15:38:53,979 [INFO] 127.0.0.1 - - [07/Nov/2025 15:38:53] "[35m[1mPOST /accounts HTTP/1.1[0m" 201 -
2025-11-07 15:38:57,240 [INFO] Batch calculation completed and summary email sent.
2025-11-07 15:38:57,242 [INFO] 127.0.0.1 - - [07/Nov/2025 15:38:57] "GET /batch_calc HTTP/1.1" 200 -
2025-11-07 15:39:00,298 [INFO] \u2705 New Account Created
-------------------------
Name: Nihar
Account Number: 10001
Opening Balance: 2000
2025-11-07 15:39:00,299 [INFO] 127.0.0.1 - - [07/Nov/2025 15:39:00] "[35m[1mPOST /accounts HTTP/1.1[0m" 201 -
2025-11-07 15:39:03,311 [INFO] \u2705 New Account Created
-------------------------
Name: Rishabh
Account Number: 10002
Opening Balance: 2500
2025-11-07 15:39:03,313 [INFO] 127.0.0.1 - - [07/Nov/2025 15:39:03] "[35m[1mPOST /accounts HTTP/1.1[0m" 201 -
2025-11-07 15:39:07,061 [INFO] \u2705 New Account Created
-------------------------
Name: Sahu
Account Number: 10003
Opening Balance: 3000
2025-11-07 15:39:07,063 [INFO] 127.0.0.1 - - [07/Nov/2025 15:39:07] "[35m[1mPOST /accounts HTTP/1.1[0m" 201 -
2025-11-07 15:39:10,568 [INFO] \u2705 New Account Created
-------------------------
Name: Rishabh Singh
Account Number: 10004
Opening Balance: 4000
2025-11-07 15:39:10,571 [INFO] 127.0.0.1 - - [07/Nov/2025 15:39:10] "[35m[1mPOST /accounts HTTP/1.1[0m" 201 -
2025-11-07 15:39:13,599 [INFO] \u2705 New Account Created
-------------------------
Name: Maheshwar
Account Number: 9750592159
Opening Balance: 3000
2025-11-07 15:39:13,602 [INFO] 127.0.0.1 - - [07/Nov/2025 15:39:13] "[35m[1mPOST /accounts HTTP/1.1[0m" 201 -
2025-11-07 15:39:13,616 [INFO] 127.0.0.1 - - [07/Nov/2025 15:39:13] "GET /accounts HTTP/1.1" 200 -
2025-11-07 15:39:13,640 [ERROR] AccountNotFoundError: Account not found: 99999
2025-11-07 15:39:13,641 [INFO] 127.0.0.1 - - [07/Nov/2025 15:39:13] "[33mGET /accounts/99999 HTTP/1.1[0m" 404 -
2025-11-07 15:39:13,656 [INFO] 127.0.0.1 - - [07/Nov/2025 15:39:13] "[31m[1mPOST /accounts/deposit HTTP/1.1[0m" 400 -
2025-11-07 15:39:13,676 [ERROR] InvalidTransferError: Invalid sender or receiver account number
2025-11-07 15:39:13,677 [INFO] 127.0.0.1 - - [07/Nov/2025 15:39:13] "[31m[1mPOST /accounts/transfer HTTP/1.1[0m" 400 -
2025-11-07 15:39:13,686 [INFO] Starting concurrent scraping for interest rates...
2025-11-07 15:39:13,686 [INFO] Fetching rates for SBI...
2025-11-07 15:39:13,689 [INFO] Fetching rates for HDFC...
2025-11-07 15:39:13,691 [INFO] Fetching rates for ICICI...
2025-11-07 15:39:14,535 [WARNING] Failed to fetch ICICI: 403 Client Error: Forbidden for url: https://www.icicibank.com/Personal-Banking/deposits/fixed-deposit-interest-rates.page
2025-11-07 15:39:14,628 [INFO] Successfully scraped data for HDFC
2025-11-07 15:39:33,730 [WARNING] Failed to fetch SBI: HTTPSConnectionPool(host='www.sbi.co.in', port=443): Max retries exceeded with url: /web/interest-rates/deposit-rates (Caused by ConnectTimeoutError(<urllib3.connection.HTTPSConnection object at 0x00000272350D6490>, 'Connection to www.sbi.co.in timed out. (connect timeout=10)'))
2025-11-07 15:39:33,732 [INFO] Scraping completed for all banks.
2025-11-07 15:39:33,733 [INFO] 127.0.0.1 - - [07/Nov/2025 15:39:33] "GET /scrape/interest-rates HTTP/1.1" 200 -
2025-11-07 15:39:34,713 [INFO] \u2705 Scraped 13 bank names from RBI site.
2025-11-07 15:39:34,714 [INFO] 127.0.0.1 - - [07/Nov/2025 15:39:34] "GET /scrape/bank-names HTTP/1.1" 200 -
2025-11-07 15:39:38,164 [INFO] \U0001f4b0 Deposit Successful
-------------------------
Account Number: 10001
Amount Deposited: 1000
New Balance: 3000.0
2025-11-07 15:39:38,165 [INFO] 127.0.0.1 - - [07/Nov/2025 15:39:38] "POST /accounts/deposit HTTP/1.1" 200 -
2025-11-07 15:39:41,284 [INFO] \U0001f4b8 Withdrawal Successful
-------------------------
Account Number: 10001
Amount Withdrawn: 500
Remaining Balance: 2500.0
2025-11-07 15:39:41,285 [INFO] 127.0.0.1 - - [07/Nov/2025 15:39:41] "POST /accounts/withdraw HTTP/1.1" 200 -
2025-11-07 15:39:47,626 [INFO] Transfer successful: 250 from 10002 to 10003
2025-11-07 15:39:47,627 [INFO] 127.0.0.1 - - [07/Nov/2025 15:39:47] "POST /accounts/transfer HTTP/1.1" 200 -
2025-11-07 15:42:38,631 [INFO] Starting concurrent scraping for interest rates...
2025-11-07 15:42:38,632 [INFO] Fetching rates for SBI...
2025-11-07 15:42:38,634 [INFO] Fetching rates for HDFC...
2025-11-07 15:42:38,635 [INFO] Fetching rates for ICICI...
2025-11-07 15:42:39,511 [WARNING] Failed to fetch ICICI: 403 Client Error: Forbidden for url: https://www.icicibank.com/Personal-Banking/deposits/fixed-deposit-interest-rates.page
2025-11-07 15:42:39,604 [INFO] Successfully scraped data for HDFC
2025-11-07 15:42:58,668 [WARNING] Failed to fetch SBI: HTTPSConnectionPool(host='www.sbi.co.in', port=443): Max retries exceeded with url: /web/interest-rates/deposit-rates (Caused by ConnectTimeoutError(<urllib3.connection.HTTPSConnection object at 0x00000272350D5F90>, 'Connection to www.sbi.co.in timed out. (connect timeout=10)'))
2025-11-07 15:42:58,669 [INFO] Scraping completed for all banks.
2025-11-07 15:42:58,670 [INFO] 127.0.0.1 - - [07/Nov/2025 15:42:58] "GET /scrape/interest-rates HTTP/1.1" 200 -
2025-11-07 15:42:59,672 [INFO] \u2705 Scraped 13 bank names from RBI site.
2025-11-07 15:42:59,675 [INFO] 127.0.0.1 - - [07/Nov/2025 15:42:59] "GET /scrape/bank-names HTTP/1.1" 200 -
2025-11-07 15:42:59,693 [ERROR] Error creating account 1111: (sqlite3.IntegrityError) UNIQUE constraint failed: account.number
[SQL: INSERT INTO account (name, number, email, balance) VALUES (?, ?, ?, ?)]
[parameters: ('Nihar', '1111', 'nihar4569@gmail.com', 1000.0)]
(Background on this error at: https://sqlalche.me/e/20/gkpj)
Traceback (most recent call last):
  File "C:\Users\nihasahu\AppData\Local\Python\pythoncore-3.14-64\Lib\site-packages\sqlalchemy\engine\base.py", line 1967, in _exec_single_context
    self.dialect.do_execute(
    ~~~~~~~~~~~~~~~~~~~~~~~^
        cursor, str_statement, effective_parameters, context
        ^^^^^^^^^^^^^^^^^^^^^^^^^^^^^^^^^^^^^^^^^^^^^^^^^^^^
    )
    ^
  File "C:\Users\nihasahu\AppData\Local\Python\pythoncore-3.14-64\Lib\site-packages\sqlalchemy\engine\default.py", line 951, in do_execute
    cursor.execute(statement, parameters)
    ~~~~~~~~~~~~~~^^^^^^^^^^^^^^^^^^^^^^^
sqlite3.IntegrityError: UNIQUE constraint failed: account.number

The above exception was the direct cause of the following exception:

Traceback (most recent call last):
  File "C:\Users\nihasahu\OneDrive - Cisco\Desktop\BMS\Bank_Management_System\app\crud.py", line 14, in create_account
    db.session.commit()
    ~~~~~~~~~~~~~~~~~^^
  File "C:\Users\nihasahu\AppData\Local\Python\pythoncore-3.14-64\Lib\site-packages\sqlalchemy\orm\scoping.py", line 597, in commit
    return self._proxied.commit()
           ~~~~~~~~~~~~~~~~~~~~^^
  File "C:\Users\nihasahu\AppData\Local\Python\pythoncore-3.14-64\Lib\site-packages\sqlalchemy\orm\session.py", line 2030, in commit
    trans.commit(_to_root=True)
    ~~~~~~~~~~~~^^^^^^^^^^^^^^^
  File "<string>", line 2, in commit
  File "C:\Users\nihasahu\AppData\Local\Python\pythoncore-3.14-64\Lib\site-packages\sqlalchemy\orm\state_changes.py", line 137, in _go
    ret_value = fn(self, *arg, **kw)
  File "C:\Users\nihasahu\AppData\Local\Python\pythoncore-3.14-64\Lib\site-packages\sqlalchemy\orm\session.py", line 1311, in commit
    self._prepare_impl()
    ~~~~~~~~~~~~~~~~~~^^
  File "<string>", line 2, in _prepare_impl
  File "C:\Users\nihasahu\AppData\Local\Python\pythoncore-3.14-64\Lib\site-packages\sqlalchemy\orm\state_changes.py", line 137, in _go
    ret_value = fn(self, *arg, **kw)
  File "C:\Users\nihasahu\AppData\Local\Python\pythoncore-3.14-64\Lib\site-packages\sqlalchemy\orm\session.py", line 1286, in _prepare_impl
    self.session.flush()
    ~~~~~~~~~~~~~~~~~~^^
  File "C:\Users\nihasahu\AppData\Local\Python\pythoncore-3.14-64\Lib\site-packages\sqlalchemy\orm\session.py", line 4331, in flush
    self._flush(objects)
    ~~~~~~~~~~~^^^^^^^^^
  File "C:\Users\nihasahu\AppData\Local\Python\pythoncore-3.14-64\Lib\site-packages\sqlalchemy\orm\session.py", line 4466, in _flush
    with util.safe_reraise():
         ~~~~~~~~~~~~~~~~~^^
  File "C:\Users\nihasahu\AppData\Local\Python\pythoncore-3.14-64\Lib\site-packages\sqlalchemy\util\langhelpers.py", line 224, in __exit__
    raise exc_value.with_traceback(exc_tb)
  File "C:\Users\nihasahu\AppData\Local\Python\pythoncore-3.14-64\Lib\site-packages\sqlalchemy\orm\session.py", line 4427, in _flush
    flush_context.execute()
    ~~~~~~~~~~~~~~~~~~~~~^^
  File "C:\Users\nihasahu\AppData\Local\Python\pythoncore-3.14-64\Lib\site-packages\sqlalchemy\orm\unitofwork.py", line 466, in execute
    rec.execute(self)
    ~~~~~~~~~~~^^^^^^
  File "C:\Users\nihasahu\AppData\Local\Python\pythoncore-3.14-64\Lib\site-packages\sqlalchemy\orm\unitofwork.py", line 642, in execute
    util.preloaded.orm_persistence.save_obj(
    ~~~~~~~~~~~~~~~~~~~~~~~~~~~~~~~~~~~~~~~^
        self.mapper,
        ^^^^^^^^^^^^
        uow.states_for_mapper_hierarchy(self.mapper, False, False),
        ^^^^^^^^^^^^^^^^^^^^^^^^^^^^^^^^^^^^^^^^^^^^^^^^^^^^^^^^^^^
        uow,
        ^^^^
    )
    ^
  File "C:\Users\nihasahu\AppData\Local\Python\pythoncore-3.14-64\Lib\site-packages\sqlalchemy\orm\persistence.py", line 93, in save_obj
    _emit_insert_statements(
    ~~~~~~~~~~~~~~~~~~~~~~~^
        base_mapper,
        ^^^^^^^^^^^^
    ...<3 lines>...
        insert,
        ^^^^^^^
    )
    ^
  File "C:\Users\nihasahu\AppData\Local\Python\pythoncore-3.14-64\Lib\site-packages\sqlalchemy\orm\persistence.py", line 1233, in _emit_insert_statements
    result = connection.execute(
        statement,
        params,
        execution_options=execution_options,
    )
  File "C:\Users\nihasahu\AppData\Local\Python\pythoncore-3.14-64\Lib\site-packages\sqlalchemy\engine\base.py", line 1419, in execute
    return meth(
        self,
        distilled_parameters,
        execution_options or NO_OPTIONS,
    )
  File "C:\Users\nihasahu\AppData\Local\Python\pythoncore-3.14-64\Lib\site-packages\sqlalchemy\sql\elements.py", line 526, in _execute_on_connection
    return connection._execute_clauseelement(
           ~~~~~~~~~~~~~~~~~~~~~~~~~~~~~~~~~^
        self, distilled_params, execution_options
        ^^^^^^^^^^^^^^^^^^^^^^^^^^^^^^^^^^^^^^^^^
    )
    ^
  File "C:\Users\nihasahu\AppData\Local\Python\pythoncore-3.14-64\Lib\site-packages\sqlalchemy\engine\base.py", line 1641, in _execute_clauseelement
    ret = self._execute_context(
        dialect,
    ...<8 lines>...
        cache_hit=cache_hit,
    )
  File "C:\Users\nihasahu\AppData\Local\Python\pythoncore-3.14-64\Lib\site-packages\sqlalchemy\engine\base.py", line 1846, in _execute_context
    return self._exec_single_context(
           ~~~~~~~~~~~~~~~~~~~~~~~~~^
        dialect, context, statement, parameters
        ^^^^^^^^^^^^^^^^^^^^^^^^^^^^^^^^^^^^^^^
    )
    ^
  File "C:\Users\nihasahu\AppData\Local\Python\pythoncore-3.14-64\Lib\site-packages\sqlalchemy\engine\base.py", line 1986, in _exec_single_context
    self._handle_dbapi_exception(
    ~~~~~~~~~~~~~~~~~~~~~~~~~~~~^
        e, str_statement, effective_parameters, cursor, context
        ^^^^^^^^^^^^^^^^^^^^^^^^^^^^^^^^^^^^^^^^^^^^^^^^^^^^^^^
    )
    ^
  File "C:\Users\nihasahu\AppData\Local\Python\pythoncore-3.14-64\Lib\site-packages\sqlalchemy\engine\base.py", line 2355, in _handle_dbapi_exception
    raise sqlalchemy_exception.with_traceback(exc_info[2]) from e
  File "C:\Users\nihasahu\AppData\Local\Python\pythoncore-3.14-64\Lib\site-packages\sqlalchemy\engine\base.py", line 1967, in _exec_single_context
    self.dialect.do_execute(
    ~~~~~~~~~~~~~~~~~~~~~~~^
        cursor, str_statement, effective_parameters, context
        ^^^^^^^^^^^^^^^^^^^^^^^^^^^^^^^^^^^^^^^^^^^^^^^^^^^^
    )
    ^
  File "C:\Users\nihasahu\AppData\Local\Python\pythoncore-3.14-64\Lib\site-packages\sqlalchemy\engine\default.py", line 951, in do_execute
    cursor.execute(statement, parameters)
    ~~~~~~~~~~~~~~^^^^^^^^^^^^^^^^^^^^^^^
sqlalchemy.exc.IntegrityError: (sqlite3.IntegrityError) UNIQUE constraint failed: account.number
[SQL: INSERT INTO account (name, number, email, balance) VALUES (?, ?, ?, ?)]
[parameters: ('Nihar', '1111', 'nihar4569@gmail.com', 1000.0)]
(Background on this error at: https://sqlalche.me/e/20/gkpj)
2025-11-07 15:42:59,726 [ERROR] BMSException: Failed to create account. Please try again.
2025-11-07 15:42:59,730 [INFO] 127.0.0.1 - - [07/Nov/2025 15:42:59] "[31m[1mPOST /accounts HTTP/1.1[0m" 400 -
2025-11-07 15:42:59,745 [ERROR] Error creating account 2222: (sqlite3.IntegrityError) UNIQUE constraint failed: account.number
[SQL: INSERT INTO account (name, number, email, balance) VALUES (?, ?, ?, ?)]
[parameters: ('Rishabh', '2222', 'iamrishabh1000@gmail.com', 2000.0)]
(Background on this error at: https://sqlalche.me/e/20/gkpj)
Traceback (most recent call last):
  File "C:\Users\nihasahu\AppData\Local\Python\pythoncore-3.14-64\Lib\site-packages\sqlalchemy\engine\base.py", line 1967, in _exec_single_context
    self.dialect.do_execute(
    ~~~~~~~~~~~~~~~~~~~~~~~^
        cursor, str_statement, effective_parameters, context
        ^^^^^^^^^^^^^^^^^^^^^^^^^^^^^^^^^^^^^^^^^^^^^^^^^^^^
    )
    ^
  File "C:\Users\nihasahu\AppData\Local\Python\pythoncore-3.14-64\Lib\site-packages\sqlalchemy\engine\default.py", line 951, in do_execute
    cursor.execute(statement, parameters)
    ~~~~~~~~~~~~~~^^^^^^^^^^^^^^^^^^^^^^^
sqlite3.IntegrityError: UNIQUE constraint failed: account.number

The above exception was the direct cause of the following exception:

Traceback (most recent call last):
  File "C:\Users\nihasahu\OneDrive - Cisco\Desktop\BMS\Bank_Management_System\app\crud.py", line 14, in create_account
    db.session.commit()
    ~~~~~~~~~~~~~~~~~^^
  File "C:\Users\nihasahu\AppData\Local\Python\pythoncore-3.14-64\Lib\site-packages\sqlalchemy\orm\scoping.py", line 597, in commit
    return self._proxied.commit()
           ~~~~~~~~~~~~~~~~~~~~^^
  File "C:\Users\nihasahu\AppData\Local\Python\pythoncore-3.14-64\Lib\site-packages\sqlalchemy\orm\session.py", line 2030, in commit
    trans.commit(_to_root=True)
    ~~~~~~~~~~~~^^^^^^^^^^^^^^^
  File "<string>", line 2, in commit
  File "C:\Users\nihasahu\AppData\Local\Python\pythoncore-3.14-64\Lib\site-packages\sqlalchemy\orm\state_changes.py", line 137, in _go
    ret_value = fn(self, *arg, **kw)
  File "C:\Users\nihasahu\AppData\Local\Python\pythoncore-3.14-64\Lib\site-packages\sqlalchemy\orm\session.py", line 1311, in commit
    self._prepare_impl()
    ~~~~~~~~~~~~~~~~~~^^
  File "<string>", line 2, in _prepare_impl
  File "C:\Users\nihasahu\AppData\Local\Python\pythoncore-3.14-64\Lib\site-packages\sqlalchemy\orm\state_changes.py", line 137, in _go
    ret_value = fn(self, *arg, **kw)
  File "C:\Users\nihasahu\AppData\Local\Python\pythoncore-3.14-64\Lib\site-packages\sqlalchemy\orm\session.py", line 1286, in _prepare_impl
    self.session.flush()
    ~~~~~~~~~~~~~~~~~~^^
  File "C:\Users\nihasahu\AppData\Local\Python\pythoncore-3.14-64\Lib\site-packages\sqlalchemy\orm\session.py", line 4331, in flush
    self._flush(objects)
    ~~~~~~~~~~~^^^^^^^^^
  File "C:\Users\nihasahu\AppData\Local\Python\pythoncore-3.14-64\Lib\site-packages\sqlalchemy\orm\session.py", line 4466, in _flush
    with util.safe_reraise():
         ~~~~~~~~~~~~~~~~~^^
  File "C:\Users\nihasahu\AppData\Local\Python\pythoncore-3.14-64\Lib\site-packages\sqlalchemy\util\langhelpers.py", line 224, in __exit__
    raise exc_value.with_traceback(exc_tb)
  File "C:\Users\nihasahu\AppData\Local\Python\pythoncore-3.14-64\Lib\site-packages\sqlalchemy\orm\session.py", line 4427, in _flush
    flush_context.execute()
    ~~~~~~~~~~~~~~~~~~~~~^^
  File "C:\Users\nihasahu\AppData\Local\Python\pythoncore-3.14-64\Lib\site-packages\sqlalchemy\orm\unitofwork.py", line 466, in execute
    rec.execute(self)
    ~~~~~~~~~~~^^^^^^
  File "C:\Users\nihasahu\AppData\Local\Python\pythoncore-3.14-64\Lib\site-packages\sqlalchemy\orm\unitofwork.py", line 642, in execute
    util.preloaded.orm_persistence.save_obj(
    ~~~~~~~~~~~~~~~~~~~~~~~~~~~~~~~~~~~~~~~^
        self.mapper,
        ^^^^^^^^^^^^
        uow.states_for_mapper_hierarchy(self.mapper, False, False),
        ^^^^^^^^^^^^^^^^^^^^^^^^^^^^^^^^^^^^^^^^^^^^^^^^^^^^^^^^^^^
        uow,
        ^^^^
    )
    ^
  File "C:\Users\nihasahu\AppData\Local\Python\pythoncore-3.14-64\Lib\site-packages\sqlalchemy\orm\persistence.py", line 93, in save_obj
    _emit_insert_statements(
    ~~~~~~~~~~~~~~~~~~~~~~~^
        base_mapper,
        ^^^^^^^^^^^^
    ...<3 lines>...
        insert,
        ^^^^^^^
    )
    ^
  File "C:\Users\nihasahu\AppData\Local\Python\pythoncore-3.14-64\Lib\site-packages\sqlalchemy\orm\persistence.py", line 1233, in _emit_insert_statements
    result = connection.execute(
        statement,
        params,
        execution_options=execution_options,
    )
  File "C:\Users\nihasahu\AppData\Local\Python\pythoncore-3.14-64\Lib\site-packages\sqlalchemy\engine\base.py", line 1419, in execute
    return meth(
        self,
        distilled_parameters,
        execution_options or NO_OPTIONS,
    )
  File "C:\Users\nihasahu\AppData\Local\Python\pythoncore-3.14-64\Lib\site-packages\sqlalchemy\sql\elements.py", line 526, in _execute_on_connection
    return connection._execute_clauseelement(
           ~~~~~~~~~~~~~~~~~~~~~~~~~~~~~~~~~^
        self, distilled_params, execution_options
        ^^^^^^^^^^^^^^^^^^^^^^^^^^^^^^^^^^^^^^^^^
    )
    ^
  File "C:\Users\nihasahu\AppData\Local\Python\pythoncore-3.14-64\Lib\site-packages\sqlalchemy\engine\base.py", line 1641, in _execute_clauseelement
    ret = self._execute_context(
        dialect,
    ...<8 lines>...
        cache_hit=cache_hit,
    )
  File "C:\Users\nihasahu\AppData\Local\Python\pythoncore-3.14-64\Lib\site-packages\sqlalchemy\engine\base.py", line 1846, in _execute_context
    return self._exec_single_context(
           ~~~~~~~~~~~~~~~~~~~~~~~~~^
        dialect, context, statement, parameters
        ^^^^^^^^^^^^^^^^^^^^^^^^^^^^^^^^^^^^^^^
    )
    ^
  File "C:\Users\nihasahu\AppData\Local\Python\pythoncore-3.14-64\Lib\site-packages\sqlalchemy\engine\base.py", line 1986, in _exec_single_context
    self._handle_dbapi_exception(
    ~~~~~~~~~~~~~~~~~~~~~~~~~~~~^
        e, str_statement, effective_parameters, cursor, context
        ^^^^^^^^^^^^^^^^^^^^^^^^^^^^^^^^^^^^^^^^^^^^^^^^^^^^^^^
    )
    ^
  File "C:\Users\nihasahu\AppData\Local\Python\pythoncore-3.14-64\Lib\site-packages\sqlalchemy\engine\base.py", line 2355, in _handle_dbapi_exception
    raise sqlalchemy_exception.with_traceback(exc_info[2]) from e
  File "C:\Users\nihasahu\AppData\Local\Python\pythoncore-3.14-64\Lib\site-packages\sqlalchemy\engine\base.py", line 1967, in _exec_single_context
    self.dialect.do_execute(
    ~~~~~~~~~~~~~~~~~~~~~~~^
        cursor, str_statement, effective_parameters, context
        ^^^^^^^^^^^^^^^^^^^^^^^^^^^^^^^^^^^^^^^^^^^^^^^^^^^^
    )
    ^
  File "C:\Users\nihasahu\AppData\Local\Python\pythoncore-3.14-64\Lib\site-packages\sqlalchemy\engine\default.py", line 951, in do_execute
    cursor.execute(statement, parameters)
    ~~~~~~~~~~~~~~^^^^^^^^^^^^^^^^^^^^^^^
sqlalchemy.exc.IntegrityError: (sqlite3.IntegrityError) UNIQUE constraint failed: account.number
[SQL: INSERT INTO account (name, number, email, balance) VALUES (?, ?, ?, ?)]
[parameters: ('Rishabh', '2222', 'iamrishabh1000@gmail.com', 2000.0)]
(Background on this error at: https://sqlalche.me/e/20/gkpj)
2025-11-07 15:42:59,758 [ERROR] BMSException: Failed to create account. Please try again.
2025-11-07 15:42:59,759 [INFO] 127.0.0.1 - - [07/Nov/2025 15:42:59] "[31m[1mPOST /accounts HTTP/1.1[0m" 400 -
2025-11-07 15:42:59,773 [ERROR] Error creating account 3333: (sqlite3.IntegrityError) UNIQUE constraint failed: account.number
[SQL: INSERT INTO account (name, number, email, balance) VALUES (?, ?, ?, ?)]
[parameters: ('Sahu', '3333', 'sahun4569@gmail.com', 3000.0)]
(Background on this error at: https://sqlalche.me/e/20/gkpj)
Traceback (most recent call last):
  File "C:\Users\nihasahu\AppData\Local\Python\pythoncore-3.14-64\Lib\site-packages\sqlalchemy\engine\base.py", line 1967, in _exec_single_context
    self.dialect.do_execute(
    ~~~~~~~~~~~~~~~~~~~~~~~^
        cursor, str_statement, effective_parameters, context
        ^^^^^^^^^^^^^^^^^^^^^^^^^^^^^^^^^^^^^^^^^^^^^^^^^^^^
    )
    ^
  File "C:\Users\nihasahu\AppData\Local\Python\pythoncore-3.14-64\Lib\site-packages\sqlalchemy\engine\default.py", line 951, in do_execute
    cursor.execute(statement, parameters)
    ~~~~~~~~~~~~~~^^^^^^^^^^^^^^^^^^^^^^^
sqlite3.IntegrityError: UNIQUE constraint failed: account.number

The above exception was the direct cause of the following exception:

Traceback (most recent call last):
  File "C:\Users\nihasahu\OneDrive - Cisco\Desktop\BMS\Bank_Management_System\app\crud.py", line 14, in create_account
    db.session.commit()
    ~~~~~~~~~~~~~~~~~^^
  File "C:\Users\nihasahu\AppData\Local\Python\pythoncore-3.14-64\Lib\site-packages\sqlalchemy\orm\scoping.py", line 597, in commit
    return self._proxied.commit()
           ~~~~~~~~~~~~~~~~~~~~^^
  File "C:\Users\nihasahu\AppData\Local\Python\pythoncore-3.14-64\Lib\site-packages\sqlalchemy\orm\session.py", line 2030, in commit
    trans.commit(_to_root=True)
    ~~~~~~~~~~~~^^^^^^^^^^^^^^^
  File "<string>", line 2, in commit
  File "C:\Users\nihasahu\AppData\Local\Python\pythoncore-3.14-64\Lib\site-packages\sqlalchemy\orm\state_changes.py", line 137, in _go
    ret_value = fn(self, *arg, **kw)
  File "C:\Users\nihasahu\AppData\Local\Python\pythoncore-3.14-64\Lib\site-packages\sqlalchemy\orm\session.py", line 1311, in commit
    self._prepare_impl()
    ~~~~~~~~~~~~~~~~~~^^
  File "<string>", line 2, in _prepare_impl
  File "C:\Users\nihasahu\AppData\Local\Python\pythoncore-3.14-64\Lib\site-packages\sqlalchemy\orm\state_changes.py", line 137, in _go
    ret_value = fn(self, *arg, **kw)
  File "C:\Users\nihasahu\AppData\Local\Python\pythoncore-3.14-64\Lib\site-packages\sqlalchemy\orm\session.py", line 1286, in _prepare_impl
    self.session.flush()
    ~~~~~~~~~~~~~~~~~~^^
  File "C:\Users\nihasahu\AppData\Local\Python\pythoncore-3.14-64\Lib\site-packages\sqlalchemy\orm\session.py", line 4331, in flush
    self._flush(objects)
    ~~~~~~~~~~~^^^^^^^^^
  File "C:\Users\nihasahu\AppData\Local\Python\pythoncore-3.14-64\Lib\site-packages\sqlalchemy\orm\session.py", line 4466, in _flush
    with util.safe_reraise():
         ~~~~~~~~~~~~~~~~~^^
  File "C:\Users\nihasahu\AppData\Local\Python\pythoncore-3.14-64\Lib\site-packages\sqlalchemy\util\langhelpers.py", line 224, in __exit__
    raise exc_value.with_traceback(exc_tb)
  File "C:\Users\nihasahu\AppData\Local\Python\pythoncore-3.14-64\Lib\site-packages\sqlalchemy\orm\session.py", line 4427, in _flush
    flush_context.execute()
    ~~~~~~~~~~~~~~~~~~~~~^^
  File "C:\Users\nihasahu\AppData\Local\Python\pythoncore-3.14-64\Lib\site-packages\sqlalchemy\orm\unitofwork.py", line 466, in execute
    rec.execute(self)
    ~~~~~~~~~~~^^^^^^
  File "C:\Users\nihasahu\AppData\Local\Python\pythoncore-3.14-64\Lib\site-packages\sqlalchemy\orm\unitofwork.py", line 642, in execute
    util.preloaded.orm_persistence.save_obj(
    ~~~~~~~~~~~~~~~~~~~~~~~~~~~~~~~~~~~~~~~^
        self.mapper,
        ^^^^^^^^^^^^
        uow.states_for_mapper_hierarchy(self.mapper, False, False),
        ^^^^^^^^^^^^^^^^^^^^^^^^^^^^^^^^^^^^^^^^^^^^^^^^^^^^^^^^^^^
        uow,
        ^^^^
    )
    ^
  File "C:\Users\nihasahu\AppData\Local\Python\pythoncore-3.14-64\Lib\site-packages\sqlalchemy\orm\persistence.py", line 93, in save_obj
    _emit_insert_statements(
    ~~~~~~~~~~~~~~~~~~~~~~~^
        base_mapper,
        ^^^^^^^^^^^^
    ...<3 lines>...
        insert,
        ^^^^^^^
    )
    ^
  File "C:\Users\nihasahu\AppData\Local\Python\pythoncore-3.14-64\Lib\site-packages\sqlalchemy\orm\persistence.py", line 1233, in _emit_insert_statements
    result = connection.execute(
        statement,
        params,
        execution_options=execution_options,
    )
  File "C:\Users\nihasahu\AppData\Local\Python\pythoncore-3.14-64\Lib\site-packages\sqlalchemy\engine\base.py", line 1419, in execute
    return meth(
        self,
        distilled_parameters,
        execution_options or NO_OPTIONS,
    )
  File "C:\Users\nihasahu\AppData\Local\Python\pythoncore-3.14-64\Lib\site-packages\sqlalchemy\sql\elements.py", line 526, in _execute_on_connection
    return connection._execute_clauseelement(
           ~~~~~~~~~~~~~~~~~~~~~~~~~~~~~~~~~^
        self, distilled_params, execution_options
        ^^^^^^^^^^^^^^^^^^^^^^^^^^^^^^^^^^^^^^^^^
    )
    ^
  File "C:\Users\nihasahu\AppData\Local\Python\pythoncore-3.14-64\Lib\site-packages\sqlalchemy\engine\base.py", line 1641, in _execute_clauseelement
    ret = self._execute_context(
        dialect,
    ...<8 lines>...
        cache_hit=cache_hit,
    )
  File "C:\Users\nihasahu\AppData\Local\Python\pythoncore-3.14-64\Lib\site-packages\sqlalchemy\engine\base.py", line 1846, in _execute_context
    return self._exec_single_context(
           ~~~~~~~~~~~~~~~~~~~~~~~~~^
        dialect, context, statement, parameters
        ^^^^^^^^^^^^^^^^^^^^^^^^^^^^^^^^^^^^^^^
    )
    ^
  File "C:\Users\nihasahu\AppData\Local\Python\pythoncore-3.14-64\Lib\site-packages\sqlalchemy\engine\base.py", line 1986, in _exec_single_context
    self._handle_dbapi_exception(
    ~~~~~~~~~~~~~~~~~~~~~~~~~~~~^
        e, str_statement, effective_parameters, cursor, context
        ^^^^^^^^^^^^^^^^^^^^^^^^^^^^^^^^^^^^^^^^^^^^^^^^^^^^^^^
    )
    ^
  File "C:\Users\nihasahu\AppData\Local\Python\pythoncore-3.14-64\Lib\site-packages\sqlalchemy\engine\base.py", line 2355, in _handle_dbapi_exception
    raise sqlalchemy_exception.with_traceback(exc_info[2]) from e
  File "C:\Users\nihasahu\AppData\Local\Python\pythoncore-3.14-64\Lib\site-packages\sqlalchemy\engine\base.py", line 1967, in _exec_single_context
    self.dialect.do_execute(
    ~~~~~~~~~~~~~~~~~~~~~~~^
        cursor, str_statement, effective_parameters, context
        ^^^^^^^^^^^^^^^^^^^^^^^^^^^^^^^^^^^^^^^^^^^^^^^^^^^^
    )
    ^
  File "C:\Users\nihasahu\AppData\Local\Python\pythoncore-3.14-64\Lib\site-packages\sqlalchemy\engine\default.py", line 951, in do_execute
    cursor.execute(statement, parameters)
    ~~~~~~~~~~~~~~^^^^^^^^^^^^^^^^^^^^^^^
sqlalchemy.exc.IntegrityError: (sqlite3.IntegrityError) UNIQUE constraint failed: account.number
[SQL: INSERT INTO account (name, number, email, balance) VALUES (?, ?, ?, ?)]
[parameters: ('Sahu', '3333', 'sahun4569@gmail.com', 3000.0)]
(Background on this error at: https://sqlalche.me/e/20/gkpj)
2025-11-07 15:42:59,781 [ERROR] BMSException: Failed to create account. Please try again.
2025-11-07 15:42:59,781 [INFO] 127.0.0.1 - - [07/Nov/2025 15:42:59] "[31m[1mPOST /accounts HTTP/1.1[0m" 400 -
2025-11-07 15:43:03,155 [INFO] Batch calculation completed and summary email sent.
2025-11-07 15:43:03,155 [INFO] 127.0.0.1 - - [07/Nov/2025 15:43:03] "GET /batch_calc HTTP/1.1" 200 -
2025-11-07 15:43:03,166 [ERROR] Error creating account 10001: (sqlite3.IntegrityError) UNIQUE constraint failed: account.number
[SQL: INSERT INTO account (name, number, email, balance) VALUES (?, ?, ?, ?)]
[parameters: ('Nihar', '10001', 'nihar4569@gmail.com', 2000.0)]
(Background on this error at: https://sqlalche.me/e/20/gkpj)
Traceback (most recent call last):
  File "C:\Users\nihasahu\AppData\Local\Python\pythoncore-3.14-64\Lib\site-packages\sqlalchemy\engine\base.py", line 1967, in _exec_single_context
    self.dialect.do_execute(
    ~~~~~~~~~~~~~~~~~~~~~~~^
        cursor, str_statement, effective_parameters, context
        ^^^^^^^^^^^^^^^^^^^^^^^^^^^^^^^^^^^^^^^^^^^^^^^^^^^^
    )
    ^
  File "C:\Users\nihasahu\AppData\Local\Python\pythoncore-3.14-64\Lib\site-packages\sqlalchemy\engine\default.py", line 951, in do_execute
    cursor.execute(statement, parameters)
    ~~~~~~~~~~~~~~^^^^^^^^^^^^^^^^^^^^^^^
sqlite3.IntegrityError: UNIQUE constraint failed: account.number

The above exception was the direct cause of the following exception:

Traceback (most recent call last):
  File "C:\Users\nihasahu\OneDrive - Cisco\Desktop\BMS\Bank_Management_System\app\crud.py", line 14, in create_account
    db.session.commit()
    ~~~~~~~~~~~~~~~~~^^
  File "C:\Users\nihasahu\AppData\Local\Python\pythoncore-3.14-64\Lib\site-packages\sqlalchemy\orm\scoping.py", line 597, in commit
    return self._proxied.commit()
           ~~~~~~~~~~~~~~~~~~~~^^
  File "C:\Users\nihasahu\AppData\Local\Python\pythoncore-3.14-64\Lib\site-packages\sqlalchemy\orm\session.py", line 2030, in commit
    trans.commit(_to_root=True)
    ~~~~~~~~~~~~^^^^^^^^^^^^^^^
  File "<string>", line 2, in commit
  File "C:\Users\nihasahu\AppData\Local\Python\pythoncore-3.14-64\Lib\site-packages\sqlalchemy\orm\state_changes.py", line 137, in _go
    ret_value = fn(self, *arg, **kw)
  File "C:\Users\nihasahu\AppData\Local\Python\pythoncore-3.14-64\Lib\site-packages\sqlalchemy\orm\session.py", line 1311, in commit
    self._prepare_impl()
    ~~~~~~~~~~~~~~~~~~^^
  File "<string>", line 2, in _prepare_impl
  File "C:\Users\nihasahu\AppData\Local\Python\pythoncore-3.14-64\Lib\site-packages\sqlalchemy\orm\state_changes.py", line 137, in _go
    ret_value = fn(self, *arg, **kw)
  File "C:\Users\nihasahu\AppData\Local\Python\pythoncore-3.14-64\Lib\site-packages\sqlalchemy\orm\session.py", line 1286, in _prepare_impl
    self.session.flush()
    ~~~~~~~~~~~~~~~~~~^^
  File "C:\Users\nihasahu\AppData\Local\Python\pythoncore-3.14-64\Lib\site-packages\sqlalchemy\orm\session.py", line 4331, in flush
    self._flush(objects)
    ~~~~~~~~~~~^^^^^^^^^
  File "C:\Users\nihasahu\AppData\Local\Python\pythoncore-3.14-64\Lib\site-packages\sqlalchemy\orm\session.py", line 4466, in _flush
    with util.safe_reraise():
         ~~~~~~~~~~~~~~~~~^^
  File "C:\Users\nihasahu\AppData\Local\Python\pythoncore-3.14-64\Lib\site-packages\sqlalchemy\util\langhelpers.py", line 224, in __exit__
    raise exc_value.with_traceback(exc_tb)
  File "C:\Users\nihasahu\AppData\Local\Python\pythoncore-3.14-64\Lib\site-packages\sqlalchemy\orm\session.py", line 4427, in _flush
    flush_context.execute()
    ~~~~~~~~~~~~~~~~~~~~~^^
  File "C:\Users\nihasahu\AppData\Local\Python\pythoncore-3.14-64\Lib\site-packages\sqlalchemy\orm\unitofwork.py", line 466, in execute
    rec.execute(self)
    ~~~~~~~~~~~^^^^^^
  File "C:\Users\nihasahu\AppData\Local\Python\pythoncore-3.14-64\Lib\site-packages\sqlalchemy\orm\unitofwork.py", line 642, in execute
    util.preloaded.orm_persistence.save_obj(
    ~~~~~~~~~~~~~~~~~~~~~~~~~~~~~~~~~~~~~~~^
        self.mapper,
        ^^^^^^^^^^^^
        uow.states_for_mapper_hierarchy(self.mapper, False, False),
        ^^^^^^^^^^^^^^^^^^^^^^^^^^^^^^^^^^^^^^^^^^^^^^^^^^^^^^^^^^^
        uow,
        ^^^^
    )
    ^
  File "C:\Users\nihasahu\AppData\Local\Python\pythoncore-3.14-64\Lib\site-packages\sqlalchemy\orm\persistence.py", line 93, in save_obj
    _emit_insert_statements(
    ~~~~~~~~~~~~~~~~~~~~~~~^
        base_mapper,
        ^^^^^^^^^^^^
    ...<3 lines>...
        insert,
        ^^^^^^^
    )
    ^
  File "C:\Users\nihasahu\AppData\Local\Python\pythoncore-3.14-64\Lib\site-packages\sqlalchemy\orm\persistence.py", line 1233, in _emit_insert_statements
    result = connection.execute(
        statement,
        params,
        execution_options=execution_options,
    )
  File "C:\Users\nihasahu\AppData\Local\Python\pythoncore-3.14-64\Lib\site-packages\sqlalchemy\engine\base.py", line 1419, in execute
    return meth(
        self,
        distilled_parameters,
        execution_options or NO_OPTIONS,
    )
  File "C:\Users\nihasahu\AppData\Local\Python\pythoncore-3.14-64\Lib\site-packages\sqlalchemy\sql\elements.py", line 526, in _execute_on_connection
    return connection._execute_clauseelement(
           ~~~~~~~~~~~~~~~~~~~~~~~~~~~~~~~~~^
        self, distilled_params, execution_options
        ^^^^^^^^^^^^^^^^^^^^^^^^^^^^^^^^^^^^^^^^^
    )
    ^
  File "C:\Users\nihasahu\AppData\Local\Python\pythoncore-3.14-64\Lib\site-packages\sqlalchemy\engine\base.py", line 1641, in _execute_clauseelement
    ret = self._execute_context(
        dialect,
    ...<8 lines>...
        cache_hit=cache_hit,
    )
  File "C:\Users\nihasahu\AppData\Local\Python\pythoncore-3.14-64\Lib\site-packages\sqlalchemy\engine\base.py", line 1846, in _execute_context
    return self._exec_single_context(
           ~~~~~~~~~~~~~~~~~~~~~~~~~^
        dialect, context, statement, parameters
        ^^^^^^^^^^^^^^^^^^^^^^^^^^^^^^^^^^^^^^^
    )
    ^
  File "C:\Users\nihasahu\AppData\Local\Python\pythoncore-3.14-64\Lib\site-packages\sqlalchemy\engine\base.py", line 1986, in _exec_single_context
    self._handle_dbapi_exception(
    ~~~~~~~~~~~~~~~~~~~~~~~~~~~~^
        e, str_statement, effective_parameters, cursor, context
        ^^^^^^^^^^^^^^^^^^^^^^^^^^^^^^^^^^^^^^^^^^^^^^^^^^^^^^^
    )
    ^
  File "C:\Users\nihasahu\AppData\Local\Python\pythoncore-3.14-64\Lib\site-packages\sqlalchemy\engine\base.py", line 2355, in _handle_dbapi_exception
    raise sqlalchemy_exception.with_traceback(exc_info[2]) from e
  File "C:\Users\nihasahu\AppData\Local\Python\pythoncore-3.14-64\Lib\site-packages\sqlalchemy\engine\base.py", line 1967, in _exec_single_context
    self.dialect.do_execute(
    ~~~~~~~~~~~~~~~~~~~~~~~^
        cursor, str_statement, effective_parameters, context
        ^^^^^^^^^^^^^^^^^^^^^^^^^^^^^^^^^^^^^^^^^^^^^^^^^^^^
    )
    ^
  File "C:\Users\nihasahu\AppData\Local\Python\pythoncore-3.14-64\Lib\site-packages\sqlalchemy\engine\default.py", line 951, in do_execute
    cursor.execute(statement, parameters)
    ~~~~~~~~~~~~~~^^^^^^^^^^^^^^^^^^^^^^^
sqlalchemy.exc.IntegrityError: (sqlite3.IntegrityError) UNIQUE constraint failed: account.number
[SQL: INSERT INTO account (name, number, email, balance) VALUES (?, ?, ?, ?)]
[parameters: ('Nihar', '10001', 'nihar4569@gmail.com', 2000.0)]
(Background on this error at: https://sqlalche.me/e/20/gkpj)
2025-11-07 15:43:03,174 [ERROR] BMSException: Failed to create account. Please try again.
2025-11-07 15:43:03,175 [INFO] 127.0.0.1 - - [07/Nov/2025 15:43:03] "[31m[1mPOST /accounts HTTP/1.1[0m" 400 -
2025-11-07 15:43:03,320 [INFO] 127.0.0.1 - - [07/Nov/2025 15:43:03] "GET /accounts HTTP/1.1" 200 -
2025-11-07 15:43:03,326 [ERROR] AccountNotFoundError: Account not found: 99999
2025-11-07 15:43:03,326 [INFO] 127.0.0.1 - - [07/Nov/2025 15:43:03] "[33mGET /accounts/99999 HTTP/1.1[0m" 404 -
2025-11-07 15:43:03,331 [INFO] 127.0.0.1 - - [07/Nov/2025 15:43:03] "[31m[1mPOST /accounts/deposit HTTP/1.1[0m" 400 -
2025-11-07 15:43:03,338 [ERROR] InvalidTransferError: Invalid sender or receiver account number
2025-11-07 15:43:03,339 [INFO] 127.0.0.1 - - [07/Nov/2025 15:43:03] "[31m[1mPOST /accounts/transfer HTTP/1.1[0m" 400 -
2025-11-07 15:43:03,343 [INFO] Starting concurrent scraping for interest rates...
2025-11-07 15:43:03,343 [INFO] Fetching rates for SBI...
2025-11-07 15:43:03,344 [INFO] Fetching rates for HDFC...
2025-11-07 15:43:03,345 [INFO] Fetching rates for ICICI...
2025-11-07 15:43:04,199 [WARNING] Failed to fetch ICICI: 403 Client Error: Forbidden for url: https://www.icicibank.com/Personal-Banking/deposits/fixed-deposit-interest-rates.page
2025-11-07 15:43:04,294 [INFO] Successfully scraped data for HDFC
2025-11-07 15:43:23,386 [WARNING] Failed to fetch SBI: HTTPSConnectionPool(host='www.sbi.co.in', port=443): Max retries exceeded with url: /web/interest-rates/deposit-rates (Caused by ConnectTimeoutError(<urllib3.connection.HTTPSConnection object at 0x00000272350D6FD0>, 'Connection to www.sbi.co.in timed out. (connect timeout=10)'))
2025-11-07 15:43:23,388 [INFO] Scraping completed for all banks.
2025-11-07 15:43:23,389 [INFO] 127.0.0.1 - - [07/Nov/2025 15:43:23] "GET /scrape/interest-rates HTTP/1.1" 200 -
2025-11-07 15:43:24,290 [INFO] \u2705 Scraped 13 bank names from RBI site.
2025-11-07 15:43:24,292 [INFO] 127.0.0.1 - - [07/Nov/2025 15:43:24] "GET /scrape/bank-names HTTP/1.1" 200 -
2025-11-07 15:43:27,119 [INFO] \U0001f4b0 Deposit Successful
-------------------------
Account Number: 10001
Amount Deposited: 1000
New Balance: 3500.0
2025-11-07 15:43:27,119 [INFO] 127.0.0.1 - - [07/Nov/2025 15:43:27] "POST /accounts/deposit HTTP/1.1" 200 -
2025-11-07 15:43:30,074 [INFO] \U0001f4b8 Withdrawal Successful
-------------------------
Account Number: 10001
Amount Withdrawn: 500
Remaining Balance: 3000.0
2025-11-07 15:43:30,075 [INFO] 127.0.0.1 - - [07/Nov/2025 15:43:30] "POST /accounts/withdraw HTTP/1.1" 200 -
2025-11-07 15:43:35,982 [INFO] Transfer successful: 250 from 10002 to 10003
2025-11-07 15:43:35,983 [INFO] 127.0.0.1 - - [07/Nov/2025 15:43:35] "POST /accounts/transfer HTTP/1.1" 200 -
